{"C:\\Users\\COLLABERA\\Documents\\react_training\\Shoplist\\src\\configStore.js": {"path":"C:\\Users\\COLLABERA\\Documents\\react_training\\Shoplist\\src\\configStore.js","statementMap":{"0":{"start":{"line":7,"column":25},"end":{"line":7,"column":79}},"1":{"start":{"line":8,"column":23},"end":{"line":8,"column":45}},"2":{"start":{"line":10,"column":20},"end":{"line":20,"column":1}},"3":{"start":{"line":11,"column":22},"end":{"line":11,"column":55}},"4":{"start":{"line":12,"column":16},"end":{"line":15,"column":3}},"5":{"start":{"line":17,"column":2},"end":{"line":17,"column":31}},"6":{"start":{"line":19,"column":2},"end":{"line":19,"column":15}}},"fnMap":{"0":{"name":"(anonymous_0)","decl":{"start":{"line":10,"column":20},"end":{"line":10,"column":21}},"loc":{"start":{"line":10,"column":26},"end":{"line":20,"column":1}},"line":10}},"branchMap":{"0":{"loc":{"start":{"line":7,"column":25},"end":{"line":7,"column":79}},"type":"binary-expr","locations":[{"start":{"line":7,"column":25},"end":{"line":7,"column":68}},{"start":{"line":7,"column":72},"end":{"line":7,"column":79}}],"line":7}},"s":{"0":1,"1":1,"2":1,"3":4,"4":4,"5":4,"6":4},"f":{"0":4},"b":{"0":[1,1]},"_coverageSchema":"1a1c01bbd47fc00a2c39e90264f33305004495a9","hash":"1ae8472eeefdde03847b9b2de72f6077a55c98fe"}
,"C:\\Users\\COLLABERA\\Documents\\react_training\\Shoplist\\src\\actions\\cartActions.js": {"path":"C:\\Users\\COLLABERA\\Documents\\react_training\\Shoplist\\src\\actions\\cartActions.js","statementMap":{"0":{"start":{"line":3,"column":24},"end":{"line":14,"column":1}},"1":{"start":{"line":3,"column":30},"end":{"line":14,"column":1}},"2":{"start":{"line":4,"column":15},"end":{"line":4,"column":26}},"3":{"start":{"line":5,"column":2},"end":{"line":13,"column":5}},"4":{"start":{"line":15,"column":23},"end":{"line":27,"column":1}},"5":{"start":{"line":15,"column":33},"end":{"line":27,"column":1}},"6":{"start":{"line":16,"column":15},"end":{"line":16,"column":25}},"7":{"start":{"line":17,"column":2},"end":{"line":26,"column":5}},"8":{"start":{"line":29,"column":26},"end":{"line":42,"column":1}},"9":{"start":{"line":29,"column":36},"end":{"line":42,"column":1}},"10":{"start":{"line":30,"column":2},"end":{"line":30,"column":20}},"11":{"start":{"line":31,"column":15},"end":{"line":31,"column":28}},"12":{"start":{"line":32,"column":2},"end":{"line":41,"column":5}},"13":{"start":{"line":43,"column":26},"end":{"line":56,"column":1}},"14":{"start":{"line":43,"column":36},"end":{"line":56,"column":1}},"15":{"start":{"line":44,"column":2},"end":{"line":44,"column":20}},"16":{"start":{"line":45,"column":15},"end":{"line":45,"column":28}},"17":{"start":{"line":46,"column":2},"end":{"line":55,"column":5}}},"fnMap":{"0":{"name":"(anonymous_0)","decl":{"start":{"line":3,"column":24},"end":{"line":3,"column":25}},"loc":{"start":{"line":3,"column":30},"end":{"line":14,"column":1}},"line":3},"1":{"name":"(anonymous_1)","decl":{"start":{"line":3,"column":30},"end":{"line":3,"column":31}},"loc":{"start":{"line":3,"column":50},"end":{"line":14,"column":1}},"line":3},"2":{"name":"(anonymous_2)","decl":{"start":{"line":15,"column":23},"end":{"line":15,"column":24}},"loc":{"start":{"line":15,"column":33},"end":{"line":27,"column":1}},"line":15},"3":{"name":"(anonymous_3)","decl":{"start":{"line":15,"column":33},"end":{"line":15,"column":34}},"loc":{"start":{"line":15,"column":53},"end":{"line":27,"column":1}},"line":15},"4":{"name":"(anonymous_4)","decl":{"start":{"line":29,"column":26},"end":{"line":29,"column":27}},"loc":{"start":{"line":29,"column":36},"end":{"line":42,"column":1}},"line":29},"5":{"name":"(anonymous_5)","decl":{"start":{"line":29,"column":36},"end":{"line":29,"column":37}},"loc":{"start":{"line":29,"column":56},"end":{"line":42,"column":1}},"line":29},"6":{"name":"(anonymous_6)","decl":{"start":{"line":43,"column":26},"end":{"line":43,"column":27}},"loc":{"start":{"line":43,"column":36},"end":{"line":56,"column":1}},"line":43},"7":{"name":"(anonymous_7)","decl":{"start":{"line":43,"column":36},"end":{"line":43,"column":37}},"loc":{"start":{"line":43,"column":56},"end":{"line":56,"column":1}},"line":43}},"branchMap":{},"s":{"0":1,"1":0,"2":0,"3":0,"4":1,"5":0,"6":0,"7":0,"8":1,"9":0,"10":0,"11":0,"12":0,"13":1,"14":0,"15":0,"16":0,"17":0},"f":{"0":0,"1":0,"2":0,"3":0,"4":0,"5":0,"6":0,"7":0},"b":{},"_coverageSchema":"1a1c01bbd47fc00a2c39e90264f33305004495a9","hash":"e976b5c531dae44709a518862d0ff0a061a30261"}
,"C:\\Users\\COLLABERA\\Documents\\react_training\\Shoplist\\src\\components\\Product\\index.jsx": {"path":"C:\\Users\\COLLABERA\\Documents\\react_training\\Shoplist\\src\\components\\Product\\index.jsx","statementMap":{"0":{"start":{"line":5,"column":24},"end":{"line":8,"column":2}},"1":{"start":{"line":5,"column":61},"end":{"line":8,"column":1}},"2":{"start":{"line":6,"column":29},"end":{"line":6,"column":55}},"3":{"start":{"line":7,"column":33},"end":{"line":7,"column":59}},"4":{"start":{"line":10,"column":27},"end":{"line":47,"column":2}},"5":{"start":{"line":10,"column":42},"end":{"line":47,"column":1}},"6":{"start":{"line":12,"column":4},"end":{"line":22,"column":6}},"7":{"start":{"line":24,"column":4},"end":{"line":34,"column":6}},"8":{"start":{"line":36,"column":4},"end":{"line":46,"column":6}}},"fnMap":{"0":{"name":"(anonymous_0)","decl":{"start":{"line":5,"column":24},"end":{"line":5,"column":25}},"loc":{"start":{"line":5,"column":61},"end":{"line":8,"column":1}},"line":5},"1":{"name":"(anonymous_1)","decl":{"start":{"line":6,"column":22},"end":{"line":6,"column":23}},"loc":{"start":{"line":6,"column":29},"end":{"line":6,"column":55}},"line":6},"2":{"name":"(anonymous_2)","decl":{"start":{"line":7,"column":26},"end":{"line":7,"column":27}},"loc":{"start":{"line":7,"column":33},"end":{"line":7,"column":59}},"line":7},"3":{"name":"(anonymous_3)","decl":{"start":{"line":10,"column":27},"end":{"line":10,"column":28}},"loc":{"start":{"line":10,"column":42},"end":{"line":47,"column":1}},"line":10},"4":{"name":"(anonymous_4)","decl":{"start":{"line":11,"column":13},"end":{"line":11,"column":14}},"loc":{"start":{"line":12,"column":4},"end":{"line":22,"column":6}},"line":12},"5":{"name":"(anonymous_5)","decl":{"start":{"line":23,"column":18},"end":{"line":23,"column":19}},"loc":{"start":{"line":24,"column":4},"end":{"line":34,"column":6}},"line":24},"6":{"name":"(anonymous_6)","decl":{"start":{"line":35,"column":18},"end":{"line":35,"column":19}},"loc":{"start":{"line":36,"column":4},"end":{"line":46,"column":6}},"line":36}},"branchMap":{},"s":{"0":1,"1":2,"2":2,"3":0,"4":1,"5":2,"6":0,"7":0,"8":0},"f":{"0":2,"1":2,"2":0,"3":2,"4":0,"5":0,"6":0},"b":{},"_coverageSchema":"1a1c01bbd47fc00a2c39e90264f33305004495a9","hash":"31bd38dbf6dafcf8ff3ecb55a6e907ca6c80a3c8"}
,"C:\\Users\\COLLABERA\\Documents\\react_training\\Shoplist\\src\\components\\Product\\product.jsx": {"path":"C:\\Users\\COLLABERA\\Documents\\react_training\\Shoplist\\src\\components\\Product\\product.jsx","statementMap":{"0":{"start":{"line":6,"column":16},"end":{"line":116,"column":1}},"1":{"start":{"line":14,"column":2},"end":{"line":115,"column":4}},"2":{"start":{"line":41,"column":18},"end":{"line":47,"column":20}},"3":{"start":{"line":69,"column":18},"end":{"line":72,"column":20}},"4":{"start":{"line":85,"column":18},"end":{"line":92,"column":19}},"5":{"start":{"line":86,"column":20},"end":{"line":86,"column":45}},"6":{"start":{"line":88,"column":20},"end":{"line":91,"column":23}},"7":{"start":{"line":103,"column":16},"end":{"line":106,"column":18}}},"fnMap":{"0":{"name":"(anonymous_0)","decl":{"start":{"line":6,"column":16},"end":{"line":6,"column":17}},"loc":{"start":{"line":13,"column":6},"end":{"line":116,"column":1}},"line":13},"1":{"name":"(anonymous_1)","decl":{"start":{"line":40,"column":37},"end":{"line":40,"column":38}},"loc":{"start":{"line":41,"column":18},"end":{"line":47,"column":20}},"line":41},"2":{"name":"(anonymous_2)","decl":{"start":{"line":68,"column":25},"end":{"line":68,"column":26}},"loc":{"start":{"line":69,"column":18},"end":{"line":72,"column":20}},"line":69},"3":{"name":"(anonymous_3)","decl":{"start":{"line":84,"column":25},"end":{"line":84,"column":26}},"loc":{"start":{"line":84,"column":31},"end":{"line":93,"column":17}},"line":84},"4":{"name":"(anonymous_4)","decl":{"start":{"line":102,"column":23},"end":{"line":102,"column":24}},"loc":{"start":{"line":103,"column":16},"end":{"line":106,"column":18}},"line":103}},"branchMap":{"0":{"loc":{"start":{"line":62,"column":11},"end":{"line":111,"column":11}},"type":"cond-expr","locations":[{"start":{"line":63,"column":12},"end":{"line":97,"column":18}},{"start":{"line":99,"column":12},"end":{"line":110,"column":21}}],"line":62},"1":{"loc":{"start":{"line":85,"column":18},"end":{"line":92,"column":19}},"type":"if","locations":[{"start":{"line":85,"column":18},"end":{"line":92,"column":19}},{"start":{"line":87,"column":25},"end":{"line":92,"column":19}}],"line":85}},"s":{"0":2,"1":13,"2":65,"3":1,"4":1,"5":0,"6":1,"7":1},"f":{"0":13,"1":65,"2":1,"3":1,"4":1},"b":{"0":[4,9],"1":[0,1]},"_coverageSchema":"1a1c01bbd47fc00a2c39e90264f33305004495a9","hash":"17ac8a48e19ea4fb6de22e7228f244cbfd7323fd"}
,"C:\\Users\\COLLABERA\\Documents\\react_training\\Shoplist\\src\\middlewares\\errorMiddleware.js": {"path":"C:\\Users\\COLLABERA\\Documents\\react_training\\Shoplist\\src\\middlewares\\errorMiddleware.js","statementMap":{"0":{"start":{"line":4,"column":31},"end":{"line":17,"column":1}},"1":{"start":{"line":4,"column":42},"end":{"line":17,"column":1}},"2":{"start":{"line":4,"column":52},"end":{"line":17,"column":1}},"3":{"start":{"line":5,"column":2},"end":{"line":16,"column":3}},"4":{"start":{"line":6,"column":30},"end":{"line":6,"column":36}},"5":{"start":{"line":7,"column":4},"end":{"line":12,"column":5}},"6":{"start":{"line":8,"column":6},"end":{"line":11,"column":9}},"7":{"start":{"line":13,"column":4},"end":{"line":13,"column":17}},"8":{"start":{"line":15,"column":4},"end":{"line":15,"column":40}}},"fnMap":{"0":{"name":"(anonymous_0)","decl":{"start":{"line":4,"column":31},"end":{"line":4,"column":32}},"loc":{"start":{"line":4,"column":42},"end":{"line":17,"column":1}},"line":4},"1":{"name":"(anonymous_1)","decl":{"start":{"line":4,"column":42},"end":{"line":4,"column":43}},"loc":{"start":{"line":4,"column":52},"end":{"line":17,"column":1}},"line":4},"2":{"name":"(anonymous_2)","decl":{"start":{"line":4,"column":52},"end":{"line":4,"column":53}},"loc":{"start":{"line":4,"column":70},"end":{"line":17,"column":1}},"line":4}},"branchMap":{"0":{"loc":{"start":{"line":7,"column":4},"end":{"line":12,"column":5}},"type":"if","locations":[{"start":{"line":7,"column":4},"end":{"line":12,"column":5}},{"start":{},"end":{}}],"line":7}},"s":{"0":1,"1":4,"2":4,"3":28,"4":28,"5":28,"6":0,"7":28,"8":3},"f":{"0":4,"1":4,"2":28},"b":{"0":[0,28]},"_coverageSchema":"1a1c01bbd47fc00a2c39e90264f33305004495a9","hash":"9be995e034bbc06d6172f137ba5551575656d750"}
,"C:\\Users\\COLLABERA\\Documents\\react_training\\Shoplist\\src\\pages\\Home\\home.jsx": {"path":"C:\\Users\\COLLABERA\\Documents\\react_training\\Shoplist\\src\\pages\\Home\\home.jsx","statementMap":{"0":{"start":{"line":4,"column":13},"end":{"line":28,"column":1}},"1":{"start":{"line":5,"column":19},"end":{"line":7,"column":30}},"2":{"start":{"line":6,"column":4},"end":{"line":6,"column":52}},"3":{"start":{"line":9,"column":2},"end":{"line":11,"column":17}},"4":{"start":{"line":10,"column":4},"end":{"line":10,"column":15}},"5":{"start":{"line":13,"column":2},"end":{"line":15,"column":3}},"6":{"start":{"line":14,"column":4},"end":{"line":14,"column":53}},"7":{"start":{"line":17,"column":2},"end":{"line":19,"column":3}},"8":{"start":{"line":18,"column":4},"end":{"line":18,"column":64}},"9":{"start":{"line":21,"column":2},"end":{"line":27,"column":4}},"10":{"start":{"line":24,"column":8},"end":{"line":24,"column":62}}},"fnMap":{"0":{"name":"(anonymous_0)","decl":{"start":{"line":4,"column":13},"end":{"line":4,"column":14}},"loc":{"start":{"line":4,"column":74},"end":{"line":28,"column":1}},"line":4},"1":{"name":"(anonymous_1)","decl":{"start":{"line":5,"column":31},"end":{"line":5,"column":32}},"loc":{"start":{"line":5,"column":43},"end":{"line":7,"column":3}},"line":5},"2":{"name":"(anonymous_2)","decl":{"start":{"line":9,"column":12},"end":{"line":9,"column":13}},"loc":{"start":{"line":9,"column":18},"end":{"line":11,"column":3}},"line":9},"3":{"name":"(anonymous_3)","decl":{"start":{"line":23,"column":21},"end":{"line":23,"column":22}},"loc":{"start":{"line":23,"column":34},"end":{"line":25,"column":7}},"line":23}},"branchMap":{"0":{"loc":{"start":{"line":13,"column":2},"end":{"line":15,"column":3}},"type":"if","locations":[{"start":{"line":13,"column":2},"end":{"line":15,"column":3}},{"start":{},"end":{}}],"line":13},"1":{"loc":{"start":{"line":17,"column":2},"end":{"line":19,"column":3}},"type":"if","locations":[{"start":{"line":17,"column":2},"end":{"line":19,"column":3}},{"start":{},"end":{}}],"line":17}},"s":{"0":1,"1":12,"2":4,"3":12,"4":4,"5":12,"6":6,"7":6,"8":0,"9":6,"10":2},"f":{"0":12,"1":4,"2":4,"3":2},"b":{"0":[6,6],"1":[0,6]},"_coverageSchema":"1a1c01bbd47fc00a2c39e90264f33305004495a9","hash":"c920e74462bd3713baf29b383512f8e05cb8b82b"}
,"C:\\Users\\COLLABERA\\Documents\\react_training\\Shoplist\\src\\pages\\Home\\index.jsx": {"path":"C:\\Users\\COLLABERA\\Documents\\react_training\\Shoplist\\src\\pages\\Home\\index.jsx","statementMap":{"0":{"start":{"line":4,"column":24},"end":{"line":16,"column":2}},"1":{"start":{"line":4,"column":70},"end":{"line":16,"column":1}},"2":{"start":{"line":9,"column":11},"end":{"line":9,"column":67}},"3":{"start":{"line":12,"column":11},"end":{"line":12,"column":67}},"4":{"start":{"line":18,"column":27},"end":{"line":41,"column":2}},"5":{"start":{"line":18,"column":42},"end":{"line":41,"column":1}},"6":{"start":{"line":20,"column":4},"end":{"line":29,"column":6}},"7":{"start":{"line":31,"column":4},"end":{"line":40,"column":6}}},"fnMap":{"0":{"name":"(anonymous_0)","decl":{"start":{"line":4,"column":24},"end":{"line":4,"column":25}},"loc":{"start":{"line":4,"column":70},"end":{"line":16,"column":1}},"line":4},"1":{"name":"(anonymous_1)","decl":{"start":{"line":9,"column":4},"end":{"line":9,"column":5}},"loc":{"start":{"line":9,"column":11},"end":{"line":9,"column":67}},"line":9},"2":{"name":"(anonymous_2)","decl":{"start":{"line":12,"column":4},"end":{"line":12,"column":5}},"loc":{"start":{"line":12,"column":11},"end":{"line":12,"column":67}},"line":12},"3":{"name":"(anonymous_3)","decl":{"start":{"line":18,"column":27},"end":{"line":18,"column":28}},"loc":{"start":{"line":18,"column":42},"end":{"line":41,"column":1}},"line":18},"4":{"name":"(anonymous_4)","decl":{"start":{"line":19,"column":16},"end":{"line":19,"column":17}},"loc":{"start":{"line":20,"column":4},"end":{"line":29,"column":6}},"line":20},"5":{"name":"(anonymous_5)","decl":{"start":{"line":30,"column":12},"end":{"line":30,"column":13}},"loc":{"start":{"line":31,"column":4},"end":{"line":40,"column":6}},"line":31}},"branchMap":{"0":{"loc":{"start":{"line":9,"column":11},"end":{"line":9,"column":67}},"type":"binary-expr","locations":[{"start":{"line":9,"column":11},"end":{"line":9,"column":39}},{"start":{"line":9,"column":43},"end":{"line":9,"column":67}}],"line":9},"1":{"loc":{"start":{"line":12,"column":11},"end":{"line":12,"column":67}},"type":"binary-expr","locations":[{"start":{"line":12,"column":11},"end":{"line":12,"column":39}},{"start":{"line":12,"column":43},"end":{"line":12,"column":67}}],"line":12}},"s":{"0":1,"1":14,"2":8,"3":2,"4":1,"5":4,"6":4,"7":4},"f":{"0":14,"1":8,"2":2,"3":4,"4":4,"5":4},"b":{"0":[8,4],"1":[2,0]},"_coverageSchema":"1a1c01bbd47fc00a2c39e90264f33305004495a9","hash":"0331cb06f2faa5b7f942b2b7cdc5e7e9ea5c86a2"}
,"C:\\Users\\COLLABERA\\Documents\\react_training\\Shoplist\\src\\reducers\\cartReducer.js": {"path":"C:\\Users\\COLLABERA\\Documents\\react_training\\Shoplist\\src\\reducers\\cartReducer.js","statementMap":{"0":{"start":{"line":1,"column":25},"end":{"line":1,"column":27}},"1":{"start":{"line":3,"column":27},"end":{"line":22,"column":1}},"2":{"start":{"line":4,"column":2},"end":{"line":21,"column":3}},"3":{"start":{"line":6,"column":6},"end":{"line":6,"column":21}},"4":{"start":{"line":8,"column":6},"end":{"line":8,"column":33}},"5":{"start":{"line":11,"column":20},"end":{"line":11,"column":63}},"6":{"start":{"line":11,"column":43},"end":{"line":11,"column":62}},"7":{"start":{"line":12,"column":6},"end":{"line":12,"column":76}},"8":{"start":{"line":16,"column":20},"end":{"line":16,"column":63}},"9":{"start":{"line":16,"column":43},"end":{"line":16,"column":62}},"10":{"start":{"line":17,"column":6},"end":{"line":17,"column":67}},"11":{"start":{"line":20,"column":6},"end":{"line":20,"column":19}}},"fnMap":{"0":{"name":"(anonymous_0)","decl":{"start":{"line":3,"column":27},"end":{"line":3,"column":28}},"loc":{"start":{"line":3,"column":69},"end":{"line":22,"column":1}},"line":3},"1":{"name":"(anonymous_1)","decl":{"start":{"line":11,"column":36},"end":{"line":11,"column":37}},"loc":{"start":{"line":11,"column":43},"end":{"line":11,"column":62}},"line":11},"2":{"name":"(anonymous_2)","decl":{"start":{"line":16,"column":36},"end":{"line":16,"column":37}},"loc":{"start":{"line":16,"column":43},"end":{"line":16,"column":62}},"line":16}},"branchMap":{"0":{"loc":{"start":{"line":3,"column":28},"end":{"line":3,"column":45}},"type":"default-arg","locations":[{"start":{"line":3,"column":36},"end":{"line":3,"column":45}}],"line":3},"1":{"loc":{"start":{"line":4,"column":2},"end":{"line":21,"column":3}},"type":"switch","locations":[{"start":{"line":5,"column":4},"end":{"line":6,"column":21}},{"start":{"line":7,"column":4},"end":{"line":8,"column":33}},{"start":{"line":10,"column":4},"end":{"line":13,"column":5}},{"start":{"line":15,"column":4},"end":{"line":18,"column":5}},{"start":{"line":19,"column":4},"end":{"line":20,"column":19}}],"line":4}},"s":{"0":2,"1":2,"2":36,"3":8,"4":1,"5":1,"6":2,"7":1,"8":1,"9":2,"10":1,"11":25},"f":{"0":36,"1":2,"2":2},"b":{"0":[7],"1":[8,1,1,1,25]},"_coverageSchema":"1a1c01bbd47fc00a2c39e90264f33305004495a9","hash":"f2398c4e30ffdcd581a19b0a2da0d9b15127e25b"}
,"C:\\Users\\COLLABERA\\Documents\\react_training\\Shoplist\\src\\reducers\\errorReducer.js": {"path":"C:\\Users\\COLLABERA\\Documents\\react_training\\Shoplist\\src\\reducers\\errorReducer.js","statementMap":{"0":{"start":{"line":1,"column":33},"end":{"line":1,"column":35}},"1":{"start":{"line":3,"column":28},"end":{"line":25,"column":1}},"2":{"start":{"line":7,"column":16},"end":{"line":7,"column":48}},"3":{"start":{"line":9,"column":2},"end":{"line":9,"column":27}},"4":{"start":{"line":9,"column":14},"end":{"line":9,"column":27}},"5":{"start":{"line":11,"column":37},"end":{"line":11,"column":42}},"6":{"start":{"line":12,"column":2},"end":{"line":21,"column":3}},"7":{"start":{"line":13,"column":4},"end":{"line":20,"column":6}},"8":{"start":{"line":22,"column":2},"end":{"line":24,"column":4}},"9":{"start":{"line":23,"column":11},"end":{"line":23,"column":71}}},"fnMap":{"0":{"name":"(anonymous_0)","decl":{"start":{"line":3,"column":28},"end":{"line":3,"column":29}},"loc":{"start":{"line":6,"column":5},"end":{"line":25,"column":1}},"line":6},"1":{"name":"(anonymous_1)","decl":{"start":{"line":23,"column":4},"end":{"line":23,"column":5}},"loc":{"start":{"line":23,"column":11},"end":{"line":23,"column":71}},"line":23}},"branchMap":{"0":{"loc":{"start":{"line":4,"column":2},"end":{"line":4,"column":27}},"type":"default-arg","locations":[{"start":{"line":4,"column":10},"end":{"line":4,"column":27}}],"line":4},"1":{"loc":{"start":{"line":9,"column":2},"end":{"line":9,"column":27}},"type":"if","locations":[{"start":{"line":9,"column":2},"end":{"line":9,"column":27}},{"start":{},"end":{}}],"line":9},"2":{"loc":{"start":{"line":12,"column":2},"end":{"line":21,"column":3}},"type":"if","locations":[{"start":{"line":12,"column":2},"end":{"line":21,"column":3}},{"start":{},"end":{}}],"line":12},"3":{"loc":{"start":{"line":23,"column":13},"end":{"line":23,"column":70}},"type":"binary-expr","locations":[{"start":{"line":23,"column":13},"end":{"line":23,"column":36}},{"start":{"line":23,"column":40},"end":{"line":23,"column":70}}],"line":23}},"s":{"0":1,"1":1,"2":31,"3":31,"4":20,"5":11,"6":11,"7":3,"8":8,"9":0},"f":{"0":31,"1":0},"b":{"0":[6],"1":[20,11],"2":[3,8],"3":[0,0]},"_coverageSchema":"1a1c01bbd47fc00a2c39e90264f33305004495a9","hash":"e3ef441bcbfb480fae830e799693e49cb0f6473d"}
,"C:\\Users\\COLLABERA\\Documents\\react_training\\Shoplist\\src\\reducers\\index.js": {"path":"C:\\Users\\COLLABERA\\Documents\\react_training\\Shoplist\\src\\reducers\\index.js","statementMap":{},"fnMap":{},"branchMap":{},"s":{},"f":{},"b":{},"_coverageSchema":"1a1c01bbd47fc00a2c39e90264f33305004495a9","hash":"895bab76044dd7f4d21fa29090bd081003ebbf82"}
,"C:\\Users\\COLLABERA\\Documents\\react_training\\Shoplist\\src\\reducers\\loadingReducer.js": {"path":"C:\\Users\\COLLABERA\\Documents\\react_training\\Shoplist\\src\\reducers\\loadingReducer.js","statementMap":{"0":{"start":{"line":1,"column":35},"end":{"line":1,"column":37}},"1":{"start":{"line":3,"column":30},"end":{"line":25,"column":1}},"2":{"start":{"line":7,"column":16},"end":{"line":7,"column":56}},"3":{"start":{"line":9,"column":2},"end":{"line":9,"column":27}},"4":{"start":{"line":9,"column":14},"end":{"line":9,"column":27}},"5":{"start":{"line":11,"column":37},"end":{"line":11,"column":42}},"6":{"start":{"line":12,"column":2},"end":{"line":20,"column":3}},"7":{"start":{"line":13,"column":4},"end":{"line":19,"column":6}},"8":{"start":{"line":22,"column":2},"end":{"line":24,"column":4}},"9":{"start":{"line":23,"column":11},"end":{"line":23,"column":71}}},"fnMap":{"0":{"name":"(anonymous_0)","decl":{"start":{"line":3,"column":30},"end":{"line":3,"column":31}},"loc":{"start":{"line":6,"column":5},"end":{"line":25,"column":1}},"line":6},"1":{"name":"(anonymous_1)","decl":{"start":{"line":23,"column":4},"end":{"line":23,"column":5}},"loc":{"start":{"line":23,"column":11},"end":{"line":23,"column":71}},"line":23}},"branchMap":{"0":{"loc":{"start":{"line":4,"column":2},"end":{"line":4,"column":29}},"type":"default-arg","locations":[{"start":{"line":4,"column":10},"end":{"line":4,"column":29}}],"line":4},"1":{"loc":{"start":{"line":9,"column":2},"end":{"line":9,"column":27}},"type":"if","locations":[{"start":{"line":9,"column":2},"end":{"line":9,"column":27}},{"start":{},"end":{}}],"line":9},"2":{"loc":{"start":{"line":12,"column":2},"end":{"line":20,"column":3}},"type":"if","locations":[{"start":{"line":12,"column":2},"end":{"line":20,"column":3}},{"start":{},"end":{}}],"line":12},"3":{"loc":{"start":{"line":23,"column":13},"end":{"line":23,"column":70}},"type":"binary-expr","locations":[{"start":{"line":23,"column":13},"end":{"line":23,"column":36}},{"start":{"line":23,"column":40},"end":{"line":23,"column":70}}],"line":23}},"s":{"0":2,"1":2,"2":34,"3":34,"4":7,"5":27,"6":27,"7":9,"8":18,"9":16},"f":{"0":34,"1":16},"b":{"0":[7],"1":[7,27],"2":[9,18],"3":[16,9]},"_coverageSchema":"1a1c01bbd47fc00a2c39e90264f33305004495a9","hash":"648b4179087b0a5effcc62cd7e4f8843973609f9"}
,"C:\\Users\\COLLABERA\\Documents\\react_training\\Shoplist\\src\\reducers\\localeReducer.js": {"path":"C:\\Users\\COLLABERA\\Documents\\react_training\\Shoplist\\src\\reducers\\localeReducer.js","statementMap":{"0":{"start":{"line":1,"column":31},"end":{"line":1,"column":40}},"1":{"start":{"line":3,"column":29},"end":{"line":10,"column":1}},"2":{"start":{"line":4,"column":2},"end":{"line":9,"column":3}},"3":{"start":{"line":6,"column":6},"end":{"line":6,"column":56}},"4":{"start":{"line":8,"column":6},"end":{"line":8,"column":19}}},"fnMap":{"0":{"name":"(anonymous_0)","decl":{"start":{"line":3,"column":29},"end":{"line":3,"column":30}},"loc":{"start":{"line":3,"column":77},"end":{"line":10,"column":1}},"line":3}},"branchMap":{"0":{"loc":{"start":{"line":3,"column":30},"end":{"line":3,"column":53}},"type":"default-arg","locations":[{"start":{"line":3,"column":38},"end":{"line":3,"column":53}}],"line":3},"1":{"loc":{"start":{"line":4,"column":2},"end":{"line":9,"column":3}},"type":"switch","locations":[{"start":{"line":5,"column":4},"end":{"line":6,"column":56}},{"start":{"line":7,"column":4},"end":{"line":8,"column":19}}],"line":4},"2":{"loc":{"start":{"line":6,"column":13},"end":{"line":6,"column":55}},"type":"cond-expr","locations":[{"start":{"line":6,"column":35},"end":{"line":6,"column":43}},{"start":{"line":6,"column":46},"end":{"line":6,"column":55}}],"line":6}},"s":{"0":1,"1":1,"2":31,"3":0,"4":31},"f":{"0":31},"b":{"0":[6],"1":[0,31],"2":[0,0]},"_coverageSchema":"1a1c01bbd47fc00a2c39e90264f33305004495a9","hash":"59cfb65592af72fd0013629652f9b03c74f2b623"}
,"C:\\Users\\COLLABERA\\Documents\\react_training\\Shoplist\\src\\reducers\\productReducer.js": {"path":"C:\\Users\\COLLABERA\\Documents\\react_training\\Shoplist\\src\\reducers\\productReducer.js","statementMap":{"0":{"start":{"line":1,"column":35},"end":{"line":1,"column":37}},"1":{"start":{"line":3,"column":30},"end":{"line":14,"column":1}},"2":{"start":{"line":7,"column":2},"end":{"line":13,"column":3}},"3":{"start":{"line":9,"column":6},"end":{"line":9,"column":21}},"4":{"start":{"line":12,"column":6},"end":{"line":12,"column":19}}},"fnMap":{"0":{"name":"(anonymous_0)","decl":{"start":{"line":3,"column":30},"end":{"line":3,"column":31}},"loc":{"start":{"line":6,"column":5},"end":{"line":14,"column":1}},"line":6}},"branchMap":{"0":{"loc":{"start":{"line":4,"column":2},"end":{"line":4,"column":29}},"type":"default-arg","locations":[{"start":{"line":4,"column":10},"end":{"line":4,"column":29}}],"line":4},"1":{"loc":{"start":{"line":7,"column":2},"end":{"line":13,"column":3}},"type":"switch","locations":[{"start":{"line":8,"column":4},"end":{"line":9,"column":21}},{"start":{"line":11,"column":4},"end":{"line":12,"column":19}}],"line":7}},"s":{"0":1,"1":1,"2":31,"3":7,"4":24},"f":{"0":31},"b":{"0":[6],"1":[7,24]},"_coverageSchema":"1a1c01bbd47fc00a2c39e90264f33305004495a9","hash":"6265b5d2e546d3bf51d1c4e2dd0e3c5961d46c22"}
,"C:\\Users\\COLLABERA\\Documents\\react_training\\Shoplist\\src\\reducers\\themeReducer.js": {"path":"C:\\Users\\COLLABERA\\Documents\\react_training\\Shoplist\\src\\reducers\\themeReducer.js","statementMap":{"0":{"start":{"line":1,"column":30},"end":{"line":1,"column":36}},"1":{"start":{"line":3,"column":28},"end":{"line":10,"column":1}},"2":{"start":{"line":4,"column":2},"end":{"line":9,"column":3}},"3":{"start":{"line":6,"column":6},"end":{"line":6,"column":49}},"4":{"start":{"line":8,"column":6},"end":{"line":8,"column":19}}},"fnMap":{"0":{"name":"(anonymous_0)","decl":{"start":{"line":3,"column":28},"end":{"line":3,"column":29}},"loc":{"start":{"line":3,"column":75},"end":{"line":10,"column":1}},"line":3}},"branchMap":{"0":{"loc":{"start":{"line":3,"column":29},"end":{"line":3,"column":51}},"type":"default-arg","locations":[{"start":{"line":3,"column":37},"end":{"line":3,"column":51}}],"line":3},"1":{"loc":{"start":{"line":4,"column":2},"end":{"line":9,"column":3}},"type":"switch","locations":[{"start":{"line":5,"column":4},"end":{"line":6,"column":49}},{"start":{"line":7,"column":4},"end":{"line":8,"column":19}}],"line":4},"2":{"loc":{"start":{"line":6,"column":13},"end":{"line":6,"column":48}},"type":"cond-expr","locations":[{"start":{"line":6,"column":32},"end":{"line":6,"column":39}},{"start":{"line":6,"column":42},"end":{"line":6,"column":48}}],"line":6}},"s":{"0":1,"1":1,"2":31,"3":0,"4":31},"f":{"0":31},"b":{"0":[6],"1":[0,31],"2":[0,0]},"_coverageSchema":"1a1c01bbd47fc00a2c39e90264f33305004495a9","hash":"787e67b23ad17b86adc4ab00aebcbe387eccb2d5"}
,"C:\\Users\\COLLABERA\\Documents\\react_training\\Shoplist\\src\\reducers\\userReducer.js": {"path":"C:\\Users\\COLLABERA\\Documents\\react_training\\Shoplist\\src\\reducers\\userReducer.js","statementMap":{"0":{"start":{"line":1,"column":29},"end":{"line":4,"column":1}},"1":{"start":{"line":6,"column":27},"end":{"line":20,"column":1}},"2":{"start":{"line":7,"column":2},"end":{"line":19,"column":3}},"3":{"start":{"line":10,"column":6},"end":{"line":10,"column":61}},"4":{"start":{"line":11,"column":6},"end":{"line":11,"column":38}},"5":{"start":{"line":14,"column":6},"end":{"line":14,"column":27}},"6":{"start":{"line":15,"column":6},"end":{"line":15,"column":27}},"7":{"start":{"line":18,"column":6},"end":{"line":18,"column":19}}},"fnMap":{"0":{"name":"(anonymous_0)","decl":{"start":{"line":6,"column":27},"end":{"line":6,"column":28}},"loc":{"start":{"line":6,"column":73},"end":{"line":20,"column":1}},"line":6}},"branchMap":{"0":{"loc":{"start":{"line":6,"column":28},"end":{"line":6,"column":49}},"type":"default-arg","locations":[{"start":{"line":6,"column":36},"end":{"line":6,"column":49}}],"line":6},"1":{"loc":{"start":{"line":7,"column":2},"end":{"line":19,"column":3}},"type":"switch","locations":[{"start":{"line":8,"column":4},"end":{"line":8,"column":25}},{"start":{"line":9,"column":4},"end":{"line":12,"column":5}},{"start":{"line":13,"column":4},"end":{"line":16,"column":5}},{"start":{"line":17,"column":4},"end":{"line":18,"column":19}}],"line":7}},"s":{"0":1,"1":1,"2":31,"3":0,"4":0,"5":0,"6":0,"7":31},"f":{"0":31},"b":{"0":[6],"1":[0,0,0,31]},"_coverageSchema":"1a1c01bbd47fc00a2c39e90264f33305004495a9","hash":"e024570f47d7847933f127175eaa71a55dd5885d"}
,"C:\\Users\\COLLABERA\\Documents\\react_training\\Shoplist\\src\\sagas\\authSaga.js": {"path":"C:\\Users\\COLLABERA\\Documents\\react_training\\Shoplist\\src\\sagas\\authSaga.js","statementMap":{"0":{"start":{"line":5,"column":2},"end":{"line":22,"column":3}},"1":{"start":{"line":6,"column":16},"end":{"line":10,"column":6}},"2":{"start":{"line":11,"column":4},"end":{"line":15,"column":7}},"3":{"start":{"line":17,"column":4},"end":{"line":21,"column":7}},"4":{"start":{"line":26,"column":2},"end":{"line":43,"column":3}},"5":{"start":{"line":27,"column":16},"end":{"line":31,"column":6}},"6":{"start":{"line":32,"column":4},"end":{"line":36,"column":7}},"7":{"start":{"line":38,"column":4},"end":{"line":42,"column":7}},"8":{"start":{"line":47,"column":2},"end":{"line":47,"column":43}},"9":{"start":{"line":51,"column":2},"end":{"line":51,"column":49}},"10":{"start":{"line":55,"column":2},"end":{"line":55,"column":57}}},"fnMap":{"0":{"name":"login","decl":{"start":{"line":4,"column":10},"end":{"line":4,"column":15}},"loc":{"start":{"line":4,"column":35},"end":{"line":23,"column":1}},"line":4},"1":{"name":"register","decl":{"start":{"line":25,"column":10},"end":{"line":25,"column":18}},"loc":{"start":{"line":25,"column":38},"end":{"line":44,"column":1}},"line":25},"2":{"name":"loginRequest","decl":{"start":{"line":46,"column":10},"end":{"line":46,"column":22}},"loc":{"start":{"line":46,"column":25},"end":{"line":48,"column":1}},"line":46},"3":{"name":"registerRequest","decl":{"start":{"line":50,"column":10},"end":{"line":50,"column":25}},"loc":{"start":{"line":50,"column":28},"end":{"line":52,"column":1}},"line":50},"4":{"name":"rootAuthSaga","decl":{"start":{"line":54,"column":25},"end":{"line":54,"column":37}},"loc":{"start":{"line":54,"column":40},"end":{"line":56,"column":1}},"line":54}},"branchMap":{},"s":{"0":0,"1":0,"2":0,"3":0,"4":0,"5":0,"6":0,"7":0,"8":4,"9":4,"10":4},"f":{"0":0,"1":0,"2":4,"3":4,"4":4},"b":{},"_coverageSchema":"1a1c01bbd47fc00a2c39e90264f33305004495a9","hash":"6fa76db44872df48505011b8b5abc5d850eb764e"}
,"C:\\Users\\COLLABERA\\Documents\\react_training\\Shoplist\\src\\sagas\\cartSaga.js": {"path":"C:\\Users\\COLLABERA\\Documents\\react_training\\Shoplist\\src\\sagas\\cartSaga.js","statementMap":{"0":{"start":{"line":56,"column":2},"end":{"line":56,"column":53}},"1":{"start":{"line":59,"column":2},"end":{"line":59,"column":53}},"2":{"start":{"line":62,"column":2},"end":{"line":62,"column":56}},"3":{"start":{"line":65,"column":2},"end":{"line":65,"column":56}},"4":{"start":{"line":69,"column":2},"end":{"line":74,"column":5}}},"fnMap":{"0":{"name":"loadCartRequest","decl":{"start":{"line":55,"column":10},"end":{"line":55,"column":25}},"loc":{"start":{"line":55,"column":28},"end":{"line":57,"column":1}},"line":55},"1":{"name":"addCartRequest","decl":{"start":{"line":58,"column":10},"end":{"line":58,"column":24}},"loc":{"start":{"line":58,"column":27},"end":{"line":60,"column":1}},"line":58},"2":{"name":"deleteCartRequest","decl":{"start":{"line":61,"column":10},"end":{"line":61,"column":27}},"loc":{"start":{"line":61,"column":30},"end":{"line":63,"column":1}},"line":61},"3":{"name":"updateCartRequest","decl":{"start":{"line":64,"column":10},"end":{"line":64,"column":27}},"loc":{"start":{"line":64,"column":30},"end":{"line":66,"column":1}},"line":64},"4":{"name":"rootCartSaga","decl":{"start":{"line":68,"column":17},"end":{"line":68,"column":29}},"loc":{"start":{"line":68,"column":32},"end":{"line":75,"column":1}},"line":68}},"branchMap":{},"s":{"0":4,"1":4,"2":4,"3":4,"4":4},"f":{"0":4,"1":4,"2":4,"3":4,"4":4},"b":{},"_coverageSchema":"1a1c01bbd47fc00a2c39e90264f33305004495a9","hash":"4be637c20c6623ccfcf7a2f9b919486192ee85c3"}
,"C:\\Users\\COLLABERA\\Documents\\react_training\\Shoplist\\src\\sagas\\productSaga.js": {"path":"C:\\Users\\COLLABERA\\Documents\\react_training\\Shoplist\\src\\sagas\\productSaga.js","statementMap":{"0":{"start":{"line":12,"column":2},"end":{"line":17,"column":3}},"1":{"start":{"line":13,"column":16},"end":{"line":13,"column":61}},"2":{"start":{"line":14,"column":4},"end":{"line":14,"column":69}},"3":{"start":{"line":16,"column":4},"end":{"line":16,"column":68}},"4":{"start":{"line":21,"column":2},"end":{"line":21,"column":57}},"5":{"start":{"line":24,"column":2},"end":{"line":24,"column":41}}},"fnMap":{"0":{"name":"loadProducts","decl":{"start":{"line":11,"column":10},"end":{"line":11,"column":22}},"loc":{"start":{"line":11,"column":33},"end":{"line":18,"column":1}},"line":11},"1":{"name":"loadProductsRequest","decl":{"start":{"line":20,"column":10},"end":{"line":20,"column":29}},"loc":{"start":{"line":20,"column":32},"end":{"line":22,"column":1}},"line":20},"2":{"name":"rootProductSaga","decl":{"start":{"line":23,"column":25},"end":{"line":23,"column":40}},"loc":{"start":{"line":23,"column":43},"end":{"line":25,"column":1}},"line":23}},"branchMap":{},"s":{"0":10,"1":10,"2":7,"3":3,"4":4,"5":4},"f":{"0":10,"1":4,"2":4},"b":{},"_coverageSchema":"1a1c01bbd47fc00a2c39e90264f33305004495a9","hash":"ff37b6355fecbb27b24219e90b7ad866640ee9c0"}
,"C:\\Users\\COLLABERA\\Documents\\react_training\\Shoplist\\src\\sagas\\rootSagas.js": {"path":"C:\\Users\\COLLABERA\\Documents\\react_training\\Shoplist\\src\\sagas\\rootSagas.js","statementMap":{"0":{"start":{"line":6,"column":2},"end":{"line":6,"column":77}}},"fnMap":{"0":{"name":"rootSaga","decl":{"start":{"line":5,"column":25},"end":{"line":5,"column":33}},"loc":{"start":{"line":5,"column":36},"end":{"line":7,"column":1}},"line":5}},"branchMap":{},"s":{"0":4},"f":{"0":4},"b":{},"_coverageSchema":"1a1c01bbd47fc00a2c39e90264f33305004495a9","hash":"cb2d707f8415feb385cf5fb30b3068b219886219"}
,"C:\\Users\\COLLABERA\\Documents\\react_training\\Shoplist\\src\\utils\\APIrequest.js": {"path":"C:\\Users\\COLLABERA\\Documents\\react_training\\Shoplist\\src\\utils\\APIrequest.js","statementMap":{"0":{"start":{"line":4,"column":2},"end":{"line":32,"column":3}},"1":{"start":{"line":5,"column":4},"end":{"line":8,"column":7}},"2":{"start":{"line":9,"column":16},"end":{"line":9,"column":44}},"3":{"start":{"line":10,"column":4},"end":{"line":14,"column":7}},"4":{"start":{"line":16,"column":4},"end":{"line":31,"column":7}},"5":{"start":{"line":23,"column":12},"end":{"line":25,"column":13}},"6":{"start":{"line":24,"column":14},"end":{"line":24,"column":78}},"7":{"start":{"line":26,"column":12},"end":{"line":26,"column":41}}},"fnMap":{"0":{"name":"(anonymous_0)","decl":{"start":{"line":3,"column":15},"end":{"line":3,"column":16}},"loc":{"start":{"line":3,"column":60},"end":{"line":33,"column":1}},"line":3},"1":{"name":"(anonymous_1)","decl":{"start":{"line":22,"column":15},"end":{"line":22,"column":16}},"loc":{"start":{"line":22,"column":25},"end":{"line":27,"column":11}},"line":22}},"branchMap":{"0":{"loc":{"start":{"line":12,"column":15},"end":{"line":12,"column":63}},"type":"cond-expr","locations":[{"start":{"line":12,"column":45},"end":{"line":12,"column":57}},{"start":{"line":12,"column":60},"end":{"line":12,"column":63}}],"line":12},"1":{"loc":{"start":{"line":23,"column":12},"end":{"line":25,"column":13}},"type":"if","locations":[{"start":{"line":23,"column":12},"end":{"line":25,"column":13}},{"start":{},"end":{}}],"line":23}},"s":{"0":0,"1":0,"2":0,"3":0,"4":0,"5":0,"6":0,"7":0},"f":{"0":0,"1":0},"b":{"0":[0,0],"1":[0,0]},"_coverageSchema":"1a1c01bbd47fc00a2c39e90264f33305004495a9","hash":"f6e5229e396c062fac4bec7d52b193be4bc6e8a5"}
,"C:\\Users\\COLLABERA\\Documents\\react_training\\Shoplist\\src\\utils\\apiGenerator.js": {"path":"C:\\Users\\COLLABERA\\Documents\\react_training\\Shoplist\\src\\utils\\apiGenerator.js","statementMap":{"0":{"start":{"line":5,"column":16},"end":{"line":5,"column":43}},"1":{"start":{"line":6,"column":25},"end":{"line":6,"column":30}},"2":{"start":{"line":7,"column":2},"end":{"line":16,"column":3}},"3":{"start":{"line":8,"column":16},"end":{"line":8,"column":50}},"4":{"start":{"line":9,"column":4},"end":{"line":13,"column":7}},"5":{"start":{"line":15,"column":4},"end":{"line":15,"column":74}}},"fnMap":{"0":{"name":"apiGenerator","decl":{"start":{"line":4,"column":10},"end":{"line":4,"column":22}},"loc":{"start":{"line":4,"column":48},"end":{"line":17,"column":1}},"line":4}},"branchMap":{"0":{"loc":{"start":{"line":11,"column":15},"end":{"line":11,"column":64}},"type":"cond-expr","locations":[{"start":{"line":11,"column":46},"end":{"line":11,"column":58}},{"start":{"line":11,"column":61},"end":{"line":11,"column":64}}],"line":11}},"s":{"0":10,"1":10,"2":10,"3":10,"4":7,"5":3},"f":{"0":10},"b":{"0":[0,7]},"_coverageSchema":"1a1c01bbd47fc00a2c39e90264f33305004495a9","hash":"24cdc7145433cb3160bc55e4fb6c22463e0d5e2c"}
,"C:\\Users\\COLLABERA\\Documents\\react_training\\Shoplist\\src\\utils\\axiosInstance.js": {"path":"C:\\Users\\COLLABERA\\Documents\\react_training\\Shoplist\\src\\utils\\axiosInstance.js","statementMap":{"0":{"start":{"line":3,"column":22},"end":{"line":7,"column":2}},"1":{"start":{"line":9,"column":0},"end":{"line":20,"column":2}},"2":{"start":{"line":11,"column":26},"end":{"line":11,"column":39}},"3":{"start":{"line":12,"column":18},"end":{"line":12,"column":47}},"4":{"start":{"line":13,"column":4},"end":{"line":16,"column":5}},"5":{"start":{"line":14,"column":24},"end":{"line":14,"column":41}},"6":{"start":{"line":15,"column":6},"end":{"line":15,"column":78}},"7":{"start":{"line":17,"column":4},"end":{"line":17,"column":25}},"8":{"start":{"line":19,"column":13},"end":{"line":19,"column":34}},"9":{"start":{"line":22,"column":0},"end":{"line":30,"column":2}},"10":{"start":{"line":23,"column":16},"end":{"line":23,"column":29}},"11":{"start":{"line":25,"column":4},"end":{"line":27,"column":5}},"12":{"start":{"line":26,"column":6},"end":{"line":26,"column":60}},"13":{"start":{"line":28,"column":4},"end":{"line":28,"column":33}}},"fnMap":{"0":{"name":"(anonymous_0)","decl":{"start":{"line":10,"column":2},"end":{"line":10,"column":3}},"loc":{"start":{"line":10,"column":14},"end":{"line":18,"column":3}},"line":10},"1":{"name":"(anonymous_1)","decl":{"start":{"line":19,"column":2},"end":{"line":19,"column":3}},"loc":{"start":{"line":19,"column":13},"end":{"line":19,"column":34}},"line":19},"2":{"name":"(anonymous_2)","decl":{"start":{"line":23,"column":2},"end":{"line":23,"column":3}},"loc":{"start":{"line":23,"column":16},"end":{"line":23,"column":29}},"line":23},"3":{"name":"(anonymous_3)","decl":{"start":{"line":24,"column":2},"end":{"line":24,"column":3}},"loc":{"start":{"line":24,"column":13},"end":{"line":29,"column":3}},"line":24}},"branchMap":{"0":{"loc":{"start":{"line":13,"column":4},"end":{"line":16,"column":5}},"type":"if","locations":[{"start":{"line":13,"column":4},"end":{"line":16,"column":5}},{"start":{},"end":{}}],"line":13},"1":{"loc":{"start":{"line":25,"column":4},"end":{"line":27,"column":5}},"type":"if","locations":[{"start":{"line":25,"column":4},"end":{"line":27,"column":5}},{"start":{},"end":{}}],"line":25}},"s":{"0":1,"1":1,"2":20,"3":20,"4":20,"5":0,"6":0,"7":20,"8":0,"9":1,"10":14,"11":6,"12":0,"13":6},"f":{"0":20,"1":0,"2":14,"3":6},"b":{"0":[0,20],"1":[0,6]},"_coverageSchema":"1a1c01bbd47fc00a2c39e90264f33305004495a9","hash":"296c193ac83723cff0849822430aeaf9bd5b7491"}
,"C:\\Users\\COLLABERA\\Documents\\react_training\\Shoplist\\src\\utils\\currency.js": {"path":"C:\\Users\\COLLABERA\\Documents\\react_training\\Shoplist\\src\\utils\\currency.js","statementMap":{"0":{"start":{"line":1,"column":24},"end":{"line":6,"column":1}},"1":{"start":{"line":2,"column":2},"end":{"line":5,"column":19}}},"fnMap":{"0":{"name":"(anonymous_0)","decl":{"start":{"line":1,"column":24},"end":{"line":1,"column":25}},"loc":{"start":{"line":1,"column":35},"end":{"line":6,"column":1}},"line":1}},"branchMap":{},"s":{"0":2,"1":14},"f":{"0":14},"b":{},"_coverageSchema":"1a1c01bbd47fc00a2c39e90264f33305004495a9","hash":"dd6f70767729e19efa49f09a744d9807ec7a5ee8"}
,"C:\\Users\\COLLABERA\\Documents\\react_training\\Shoplist\\src\\utils\\test-utils.jsx": {"path":"C:\\Users\\COLLABERA\\Documents\\react_training\\Shoplist\\src\\utils\\test-utils.jsx","statementMap":{"0":{"start":{"line":9,"column":16},"end":{"line":9,"column":29}},"1":{"start":{"line":11,"column":4},"end":{"line":11,"column":57}},"2":{"start":{"line":15,"column":2},"end":{"line":15,"column":56}}},"fnMap":{"0":{"name":"renderWithProviders","decl":{"start":{"line":8,"column":24},"end":{"line":8,"column":43}},"loc":{"start":{"line":8,"column":48},"end":{"line":16,"column":1}},"line":8},"1":{"name":"Wrapper","decl":{"start":{"line":10,"column":11},"end":{"line":10,"column":18}},"loc":{"start":{"line":10,"column":33},"end":{"line":12,"column":3}},"line":10}},"branchMap":{},"s":{"0":4,"1":4,"2":4},"f":{"0":4,"1":4},"b":{},"_coverageSchema":"1a1c01bbd47fc00a2c39e90264f33305004495a9","hash":"5fd9044450cdab994e1eb4e2953ae13c51e5d2ec"}
}
