TN:
SF:src\configStore.js
FN:10,(anonymous_0)
FNF:1
FNH:1
FNDA:4,(anonymous_0)
DA:7,1
DA:8,1
DA:10,1
DA:11,4
DA:12,4
DA:17,4
DA:19,4
LF:7
LH:7
BRDA:7,0,0,1
BRDA:7,0,1,1
BRF:2
BRH:2
end_of_record
TN:
SF:src\actions\cartActions.js
FN:3,(anonymous_0)
FN:3,(anonymous_1)
FN:15,(anonymous_2)
FN:15,(anonymous_3)
FN:29,(anonymous_4)
FN:29,(anonymous_5)
FN:43,(anonymous_6)
FN:43,(anonymous_7)
FNF:8
FNH:0
FNDA:0,(anonymous_0)
FNDA:0,(anonymous_1)
FNDA:0,(anonymous_2)
FNDA:0,(anonymous_3)
FNDA:0,(anonymous_4)
FNDA:0,(anonymous_5)
FNDA:0,(anonymous_6)
FNDA:0,(anonymous_7)
DA:3,1
DA:4,0
DA:5,0
DA:15,1
DA:16,0
DA:17,0
DA:29,1
DA:30,0
DA:31,0
DA:32,0
DA:43,1
DA:44,0
DA:45,0
DA:46,0
LF:14
LH:4
BRF:0
BRH:0
end_of_record
TN:
SF:src\components\Product\index.jsx
FN:5,(anonymous_0)
FN:6,(anonymous_1)
FN:7,(anonymous_2)
FN:10,(anonymous_3)
FN:11,(anonymous_4)
FN:23,(anonymous_5)
FN:35,(anonymous_6)
FNF:7
FNH:3
FNDA:2,(anonymous_0)
FNDA:2,(anonymous_1)
FNDA:0,(anonymous_2)
FNDA:2,(anonymous_3)
FNDA:0,(anonymous_4)
FNDA:0,(anonymous_5)
FNDA:0,(anonymous_6)
DA:5,2
DA:6,2
DA:7,0
DA:10,2
DA:12,0
DA:24,0
DA:36,0
LF:7
LH:3
BRF:0
BRH:0
end_of_record
TN:
SF:src\components\Product\product.jsx
FN:6,(anonymous_0)
FN:40,(anonymous_1)
FN:68,(anonymous_2)
FN:84,(anonymous_3)
FN:102,(anonymous_4)
FNF:5
FNH:5
FNDA:13,(anonymous_0)
FNDA:65,(anonymous_1)
FNDA:1,(anonymous_2)
FNDA:1,(anonymous_3)
FNDA:1,(anonymous_4)
DA:6,2
DA:14,13
DA:41,65
DA:69,1
DA:85,1
DA:86,0
DA:88,1
DA:103,1
LF:8
LH:7
BRDA:62,0,0,4
BRDA:62,0,1,9
BRDA:85,1,0,0
BRDA:85,1,1,1
BRF:4
BRH:3
end_of_record
TN:
SF:src\middlewares\errorMiddleware.js
FN:4,(anonymous_0)
FN:4,(anonymous_1)
FN:4,(anonymous_2)
FNF:3
FNH:3
FNDA:4,(anonymous_0)
FNDA:4,(anonymous_1)
FNDA:28,(anonymous_2)
DA:4,4
DA:5,28
DA:6,28
DA:7,28
DA:8,0
DA:13,28
DA:15,3
LF:7
LH:6
BRDA:7,0,0,0
BRDA:7,0,1,28
BRF:2
BRH:1
end_of_record
TN:
SF:src\pages\Home\home.jsx
FN:4,(anonymous_0)
FN:5,(anonymous_1)
FN:9,(anonymous_2)
FN:23,(anonymous_3)
FNF:4
FNH:4
FNDA:12,(anonymous_0)
FNDA:4,(anonymous_1)
FNDA:4,(anonymous_2)
FNDA:2,(anonymous_3)
DA:4,1
DA:5,12
DA:6,4
DA:9,12
DA:10,4
DA:13,12
DA:14,6
DA:17,6
DA:18,0
DA:21,6
DA:24,2
LF:11
LH:10
BRDA:13,0,0,6
BRDA:13,0,1,6
BRDA:17,1,0,0
BRDA:17,1,1,6
BRF:4
BRH:3
end_of_record
TN:
SF:src\pages\Home\index.jsx
FN:4,(anonymous_0)
FN:9,(anonymous_1)
FN:12,(anonymous_2)
FN:18,(anonymous_3)
FN:19,(anonymous_4)
FN:30,(anonymous_5)
FNF:6
FNH:6
FNDA:14,(anonymous_0)
FNDA:8,(anonymous_1)
FNDA:2,(anonymous_2)
FNDA:4,(anonymous_3)
FNDA:4,(anonymous_4)
FNDA:4,(anonymous_5)
DA:4,14
DA:9,8
DA:12,2
DA:18,4
DA:20,4
DA:31,4
LF:6
LH:6
BRDA:9,0,0,8
BRDA:9,0,1,4
BRDA:12,1,0,2
BRDA:12,1,1,0
BRF:4
BRH:3
end_of_record
TN:
SF:src\reducers\cartReducer.js
FN:3,(anonymous_0)
FN:11,(anonymous_1)
FN:16,(anonymous_2)
FNF:3
FNH:3
FNDA:36,(anonymous_0)
FNDA:2,(anonymous_1)
FNDA:2,(anonymous_2)
DA:1,2
DA:3,2
DA:4,36
DA:6,8
DA:8,1
DA:11,2
DA:12,1
DA:16,2
DA:17,1
DA:20,25
LF:10
LH:10
BRDA:3,0,0,7
BRDA:4,1,0,8
BRDA:4,1,1,1
BRDA:4,1,2,1
BRDA:4,1,3,1
BRDA:4,1,4,25
BRF:6
BRH:6
end_of_record
TN:
SF:src\reducers\errorReducer.js
FN:3,(anonymous_0)
FN:23,(anonymous_1)
FNF:2
FNH:1
FNDA:31,(anonymous_0)
FNDA:0,(anonymous_1)
DA:1,1
DA:3,1
DA:7,31
DA:9,31
DA:11,11
DA:12,11
DA:13,3
DA:22,8
DA:23,0
LF:9
LH:8
BRDA:4,0,0,6
BRDA:9,1,0,20
BRDA:9,1,1,11
BRDA:12,2,0,3
BRDA:12,2,1,8
BRDA:23,3,0,0
BRDA:23,3,1,0
BRF:7
BRH:5
end_of_record
TN:
SF:src\reducers\index.js
FNF:0
FNH:0
LF:0
LH:0
BRF:0
BRH:0
end_of_record
TN:
SF:src\reducers\loadingReducer.js
FN:3,(anonymous_0)
FN:23,(anonymous_1)
FNF:2
FNH:2
FNDA:34,(anonymous_0)
FNDA:16,(anonymous_1)
DA:1,2
DA:3,2
DA:7,34
DA:9,34
DA:11,27
DA:12,27
DA:13,9
DA:22,18
DA:23,16
LF:9
LH:9
BRDA:4,0,0,7
BRDA:9,1,0,7
BRDA:9,1,1,27
BRDA:12,2,0,9
BRDA:12,2,1,18
BRDA:23,3,0,16
BRDA:23,3,1,9
BRF:7
BRH:7
end_of_record
TN:
SF:src\reducers\localeReducer.js
FN:3,(anonymous_0)
FNF:1
FNH:1
FNDA:31,(anonymous_0)
DA:1,1
DA:3,1
DA:4,31
DA:6,0
DA:8,31
LF:5
LH:4
BRDA:3,0,0,6
BRDA:4,1,0,0
BRDA:4,1,1,31
BRDA:6,2,0,0
BRDA:6,2,1,0
BRF:5
BRH:2
end_of_record
TN:
SF:src\reducers\productReducer.js
FN:3,(anonymous_0)
FNF:1
FNH:1
FNDA:31,(anonymous_0)
DA:1,1
DA:3,1
DA:7,31
DA:9,7
DA:12,24
LF:5
LH:5
BRDA:4,0,0,6
BRDA:7,1,0,7
BRDA:7,1,1,24
BRF:3
BRH:3
end_of_record
TN:
SF:src\reducers\themeReducer.js
FN:3,(anonymous_0)
FNF:1
FNH:1
FNDA:31,(anonymous_0)
DA:1,1
DA:3,1
DA:4,31
DA:6,0
DA:8,31
LF:5
LH:4
BRDA:3,0,0,6
BRDA:4,1,0,0
BRDA:4,1,1,31
BRDA:6,2,0,0
BRDA:6,2,1,0
BRF:5
BRH:2
end_of_record
TN:
SF:src\reducers\userReducer.js
FN:6,(anonymous_0)
FNF:1
FNH:1
FNDA:31,(anonymous_0)
DA:1,1
DA:6,1
DA:7,31
DA:10,0
DA:11,0
DA:14,0
DA:15,0
DA:18,31
LF:8
LH:4
BRDA:6,0,0,6
BRDA:7,1,0,0
BRDA:7,1,1,0
BRDA:7,1,2,0
BRDA:7,1,3,31
BRF:5
BRH:2
end_of_record
TN:
SF:src\sagas\authSaga.js
FN:4,login
FN:25,register
FN:46,loginRequest
FN:50,registerRequest
FN:54,rootAuthSaga
FNF:5
FNH:3
FNDA:0,login
FNDA:0,register
FNDA:4,loginRequest
FNDA:4,registerRequest
FNDA:4,rootAuthSaga
DA:5,0
DA:6,0
DA:11,0
DA:17,0
DA:26,0
DA:27,0
DA:32,0
DA:38,0
DA:47,4
DA:51,4
DA:55,4
LF:11
LH:3
BRF:0
BRH:0
end_of_record
TN:
SF:src\sagas\cartSaga.js
FN:55,loadCartRequest
FN:58,addCartRequest
FN:61,deleteCartRequest
FN:64,updateCartRequest
FN:68,rootCartSaga
FNF:5
FNH:5
FNDA:4,loadCartRequest
FNDA:4,addCartRequest
FNDA:4,deleteCartRequest
FNDA:4,updateCartRequest
FNDA:4,rootCartSaga
DA:56,4
DA:59,4
DA:62,4
DA:65,4
DA:69,4
LF:5
LH:5
BRF:0
BRH:0
end_of_record
TN:
SF:src\sagas\productSaga.js
FN:11,loadProducts
FN:20,loadProductsRequest
FN:23,rootProductSaga
FNF:3
FNH:3
FNDA:10,loadProducts
FNDA:4,loadProductsRequest
FNDA:4,rootProductSaga
DA:12,10
DA:13,10
DA:14,7
DA:16,3
DA:21,4
DA:24,4
LF:6
LH:6
BRF:0
BRH:0
end_of_record
TN:
SF:src\sagas\rootSagas.js
FN:5,rootSaga
FNF:1
FNH:1
FNDA:4,rootSaga
DA:6,4
LF:1
LH:1
BRF:0
BRH:0
end_of_record
TN:
SF:src\utils\APIrequest.js
FN:3,(anonymous_0)
FN:22,(anonymous_1)
FNF:2
FNH:0
FNDA:0,(anonymous_0)
FNDA:0,(anonymous_1)
DA:4,0
DA:5,0
DA:9,0
DA:10,0
DA:16,0
DA:23,0
DA:24,0
DA:26,0
LF:8
LH:0
BRDA:12,0,0,0
BRDA:12,0,1,0
BRDA:23,1,0,0
BRDA:23,1,1,0
BRF:4
BRH:0
end_of_record
TN:
SF:src\utils\apiGenerator.js
FN:4,apiGenerator
FNF:1
FNH:1
FNDA:10,apiGenerator
DA:5,10
DA:6,10
DA:7,10
DA:8,10
DA:9,7
DA:15,3
LF:6
LH:6
BRDA:11,0,0,0
BRDA:11,0,1,7
BRF:2
BRH:1
end_of_record
TN:
SF:src\utils\axiosInstance.js
FN:10,(anonymous_0)
FN:19,(anonymous_1)
FN:23,(anonymous_2)
FN:24,(anonymous_3)
FNF:4
FNH:3
FNDA:20,(anonymous_0)
FNDA:0,(anonymous_1)
FNDA:14,(anonymous_2)
FNDA:6,(anonymous_3)
DA:3,1
DA:9,1
DA:11,20
DA:12,20
DA:13,20
DA:14,0
DA:15,0
DA:17,20
DA:19,0
DA:22,1
DA:23,14
DA:25,6
DA:26,0
DA:28,6
LF:14
LH:10
BRDA:13,0,0,0
BRDA:13,0,1,20
BRDA:25,1,0,0
BRDA:25,1,1,6
BRF:4
BRH:2
end_of_record
TN:
SF:src\utils\currency.js
FN:1,(anonymous_0)
FNF:1
FNH:1
FNDA:14,(anonymous_0)
DA:1,2
DA:2,14
LF:2
LH:2
BRF:0
BRH:0
end_of_record
TN:
SF:src\utils\test-utils.jsx
FN:8,renderWithProviders
FN:10,Wrapper
FNF:2
FNH:2
FNDA:4,renderWithProviders
FNDA:4,Wrapper
DA:9,4
DA:11,4
DA:15,4
LF:3
LH:3
BRF:0
BRH:0
end_of_record
